<?xml version="1.0" encoding="UTF-8" ?>
<testsuite failures="0" time="0.012" errors="0" skipped="0" tests="1" name="com.sap.sailing.geocoding.test.ReverseGeocoderTest">
  <properties>
    <property name="java.vendor" value="Sun Microsystems Inc."/>
    <property name="osgi.bundles.defaultStartLevel" value="4"/>
    <property name="sun.java.launcher" value="SUN_STANDARD"/>
    <property name="org.osgi.supports.framework.extension" value="true"/>
    <property name="sun.management.compiler" value="HotSpot 64-Bit Tiered Compilers"/>
    <property name="os.name" value="Windows 7"/>
    <property name="sun.boot.class.path" value="c:\Program Files\Java\jdk1.6.0_25\jre\lib\resources.jar;c:\Program Files\Java\jdk1.6.0_25\jre\lib\rt.jar;c:\Program Files\Java\jdk1.6.0_25\jre\lib\sunrsasign.jar;c:\Program Files\Java\jdk1.6.0_25\jre\lib\jsse.jar;c:\Program Files\Java\jdk1.6.0_25\jre\lib\jce.jar;c:\Program Files\Java\jdk1.6.0_25\jre\lib\charsets.jar;c:\Program Files\Java\jdk1.6.0_25\jre\lib\modules\jdk.boot.jar;c:\Program Files\Java\jdk1.6.0_25\jre\classes"/>
    <property name="osgi.ws" value="win32"/>
    <property name="sun.desktop" value="windows"/>
    <property name="java.vm.specification.vendor" value="Sun Microsystems Inc."/>
    <property name="java.runtime.version" value="1.6.0_25-b06"/>
    <property name="osgi.instance.area" value="file:/C:/Users/D054527/git/sapsailingcapture/java/com.sap.sailing.geocoding.test/bin/work/data/"/>
    <property name="http.proxyPort" value="8080"/>
    <property name="org.osgi.framework.uuid" value="107aa20b-773b-0011-1f41-e00f873f109b"/>
    <property name="osgi.noShutdown" value="false"/>
    <property name="user.name" value="D054527"/>
    <property name="org.osgi.framework.system.packages" value="javax.accessibility,javax.activation,javax.activity,javax.annotation,javax.annotation.processing,javax.crypto,javax.crypto.interfaces,javax.crypto.spec,javax.imageio,javax.imageio.event,javax.imageio.metadata,javax.imageio.plugins.bmp,javax.imageio.plugins.jpeg,javax.imageio.spi,javax.imageio.stream,javax.jws,javax.jws.soap,javax.lang.model,javax.lang.model.element,javax.lang.model.type,javax.lang.model.util,javax.management,javax.management.loading,javax.management.modelmbean,javax.management.monitor,javax.management.openmbean,javax.management.relation,javax.management.remote,javax.management.remote.rmi,javax.management.timer,javax.naming,javax.naming.directory,javax.naming.event,javax.naming.ldap,javax.naming.spi,javax.net,javax.net.ssl,javax.print,javax.print.attribute,javax.print.attribute.standard,javax.print.event,javax.rmi,javax.rmi.CORBA,javax.rmi.ssl,javax.script,javax.security.auth,javax.security.auth.callback,javax.security.auth.kerberos,javax.security.auth.login,javax.security.auth.spi,javax.security.auth.x500,javax.security.cert,javax.security.sasl,javax.sound.midi,javax.sound.midi.spi,javax.sound.sampled,javax.sound.sampled.spi,javax.sql,javax.sql.rowset,javax.sql.rowset.serial,javax.sql.rowset.spi,javax.swing,javax.swing.border,javax.swing.colorchooser,javax.swing.event,javax.swing.filechooser,javax.swing.plaf,javax.swing.plaf.basic,javax.swing.plaf.metal,javax.swing.plaf.multi,javax.swing.plaf.synth,javax.swing.table,javax.swing.text,javax.swing.text.html,javax.swing.text.html.parser,javax.swing.text.rtf,javax.swing.tree,javax.swing.undo,javax.tools,javax.transaction,javax.transaction.xa,javax.xml,javax.xml.bind,javax.xml.bind.annotation,javax.xml.bind.annotation.adapters,javax.xml.bind.attachment,javax.xml.bind.helpers,javax.xml.bind.util,javax.xml.crypto,javax.xml.crypto.dom,javax.xml.crypto.dsig,javax.xml.crypto.dsig.dom,javax.xml.crypto.dsig.keyinfo,javax.xml.crypto.dsig.spec,javax.xml.datatype,javax.xml.namespace,javax.xml.parsers,javax.xml.soap,javax.xml.stream,javax.xml.stream.events,javax.xml.stream.util,javax.xml.transform,javax.xml.transform.dom,javax.xml.transform.sax,javax.xml.transform.stax,javax.xml.transform.stream,javax.xml.validation,javax.xml.ws,javax.xml.ws.handler,javax.xml.ws.handler.soap,javax.xml.ws.http,javax.xml.ws.soap,javax.xml.ws.spi,javax.xml.ws.wsaddressing,javax.xml.xpath,org.ietf.jgss,org.omg.CORBA,org.omg.CORBA_2_3,org.omg.CORBA_2_3.portable,org.omg.CORBA.DynAnyPackage,org.omg.CORBA.ORBPackage,org.omg.CORBA.portable,org.omg.CORBA.TypeCodePackage,org.omg.CosNaming,org.omg.CosNaming.NamingContextExtPackage,org.omg.CosNaming.NamingContextPackage,org.omg.Dynamic,org.omg.DynamicAny,org.omg.DynamicAny.DynAnyFactoryPackage,org.omg.DynamicAny.DynAnyPackage,org.omg.IOP,org.omg.IOP.CodecFactoryPackage,org.omg.IOP.CodecPackage,org.omg.Messaging,org.omg.PortableInterceptor,org.omg.PortableInterceptor.ORBInitInfoPackage,org.omg.PortableServer,org.omg.PortableServer.CurrentPackage,org.omg.PortableServer.POAManagerPackage,org.omg.PortableServer.POAPackage,org.omg.PortableServer.portable,org.omg.PortableServer.ServantLocatorPackage,org.omg.SendingContext,org.omg.stub.java.rmi,org.w3c.dom,org.w3c.dom.bootstrap,org.w3c.dom.css,org.w3c.dom.events,org.w3c.dom.html,org.w3c.dom.ls,org.w3c.dom.ranges,org.w3c.dom.stylesheets,org.w3c.dom.traversal,org.w3c.dom.views,org.w3c.dom.xpath,org.xml.sax,org.xml.sax.ext,org.xml.sax.helpers"/>
    <property name="tractrac.tunnel.host" value="10.18.10.38"/>
    <property name="org.osgi.framework.language" value="de"/>
    <property name="user.language" value="de"/>
    <property name="org.osgi.framework.processor" value="x86-64"/>
    <property name="osgi.syspath" value="c:\Users\D054527\.m2\repository\p2\osgi\bundle\org.eclipse.osgi\3.7.1.R37x_v20110808-1106"/>
    <property name="sun.boot.library.path" value="c:\Program Files\Java\jdk1.6.0_25\jre\bin"/>
    <property name="osgi.manifest.cache" value="C:\Users\D054527\git\sapsailingcapture\java\com.sap.sailing.geocoding.test\bin\work\configuration\org.eclipse.osgi\manifests"/>
    <property name="org.osgi.framework.system.capabilities" value="osgi.ee; osgi.ee=&quot;OSGi/Minimum&quot;; version:List&lt;Version&gt;=&quot;1.0, 1.1, 1.2&quot;,osgi.ee; osgi.ee=&quot;JavaSE&quot;; version:List&lt;Version&gt;=&quot;1.0, 1.1, 1.2, 1.3, 1.4, 1.5, 1.6&quot;"/>
    <property name="java.version" value="1.6.0_25"/>
    <property name="mongo.host" value="10.18.10.38"/>
    <property name="org.osgi.framework.os.name" value="Windows7"/>
    <property name="user.timezone" value="Europe/Berlin"/>
    <property name="sun.arch.data.model" value="64"/>
    <property name="osgi.bundles" value="reference:file:C:/Users/D054527/.m2/repository/p2/osgi/bundle/org.eclipse.core.jobs/3.5.100.v20110404/org.eclipse.core.jobs-3.5.100.v20110404.jar,reference:file:C:/Users/D054527/.m2/repository/p2/osgi/bundle/org.eclipse.osgi.services/3.3.0.v20110513/org.eclipse.osgi.services-3.3.0.v20110513.jar,reference:file:C:/Users/D054527/.m2/repository/p2/osgi/bundle/org.eclipse.equinox.app/1.3.100.v20110321/org.eclipse.equinox.app-1.3.100.v20110321.jar,reference:file:C:/Users/D054527/.m2/repository/p2/osgi/bundle/org.eclipse.equinox.launcher/1.2.0.v20110502/org.eclipse.equinox.launcher-1.2.0.v20110502.jar,reference:file:C:/Users/D054527/.m2/repository/p2/osgi/bundle/org.eclipse.equinox.preferences/3.4.1.R37x_v20110725/org.eclipse.equinox.preferences-3.4.1.R37x_v20110725.jar,reference:file:C:/Users/D054527/git/sapsailingcapture/java/com.sap.sailing.geocoding.test,reference:file:C:/Users/D054527/.m2/repository/p2/osgi/bundle/org.eclipse.core.contenttype/3.4.100.v20110423-0524/org.eclipse.core.contenttype-3.4.100.v20110423-0524.jar,reference:file:C:/Users/D054527/.m2/repository/p2/osgi/bundle/org.eclipse.equinox.common/3.6.0.v20110523/org.eclipse.equinox.common-3.6.0.v20110523.jar@2:start,reference:file:C:/Users/D054527/git/sapsailingcapture/java/com.sap.sailing.geocoding/bin/com.sap.sailing.geocoding-1.0.0-SNAPSHOT.jar,reference:file:C:/Users/D054527/git/sapsailingcapture/java/org.json.simple/bin/org.json.simple-1.1.0-SNAPSHOT.jar,reference:file:C:/Users/D054527/.m2/repository/p2/osgi/bundle/org.junit/4.8.2.v4_8_2_v20110321-1705/org.junit-4.8.2.v4_8_2_v20110321-1705.jar,reference:file:C:/Users/D054527/.m2/repository/p2/osgi/bundle/org.eclipse.core.runtime.compatibility.auth/3.2.200.v20110110/org.eclipse.core.runtime.compatibility.auth-3.2.200.v20110110.jar,reference:file:C:/Users/D054527/.m2/repository/p2/osgi/bundle/org.hamcrest.core/1.1.0.v20090501071000/org.hamcrest.core-1.1.0.v20090501071000.jar,reference:file:C:/Users/D054527/.m2/repository/p2/osgi/bundle/org.eclipse.core.runtime/3.7.0.v20110110/org.eclipse.core.runtime-3.7.0.v20110110.jar@4:start,reference:file:C:/Users/D054527/.m2/repository/p2/osgi/bundle/org.eclipse.equinox.registry/3.5.101.R37x_v20110810-1611/org.eclipse.equinox.registry-3.5.101.R37x_v20110810-1611.jar,reference:file:C:/Users/D054527/.m2/repository/org/eclipse/tycho/org.eclipse.tycho.surefire.osgibooter/0.13.0/org.eclipse.tycho.surefire.osgibooter-0.13.0.jar,reference:file:C:/Users/D054527/.m2/repository/org/eclipse/tycho/org.eclipse.tycho.surefire.junit4/0.13.0/org.eclipse.tycho.surefire.junit4-0.13.0.jar"/>
    <property name="java.endorsed.dirs" value="c:\Program Files\Java\jdk1.6.0_25\jre\lib\endorsed"/>
    <property name="sun.cpu.isalist" value="amd64"/>
    <property name="sun.jnu.encoding" value="Cp1252"/>
    <property name="eclipse.application" value="org.eclipse.tycho.surefire.osgibooter.headlesstest"/>
    <property name="file.encoding.pkg" value="sun.io"/>
    <property name="org.osgi.framework.vendor" value="Eclipse"/>
    <property name="file.separator" value="\"/>
    <property name="java.specification.name" value="Java Platform API Specification"/>
    <property name="osgi.checkConfiguration" value="true"/>
    <property name="java.class.version" value="50.0"/>
    <property name="user.country" value="DE"/>
    <property name="osgi.configuration.cascaded" value="false"/>
    <property name="java.home" value="c:\Program Files\Java\jdk1.6.0_25\jre"/>
    <property name="osgi.os" value="win32"/>
    <property name="eclipse.commands" value="-data
C:\Users\D054527\git\sapsailingcapture\java\com.sap.sailing.geocoding.test\bin\work\data
-dev
file:/C:/Users/D054527/git/sapsailingcapture/java/com.sap.sailing.geocoding.test/bin/dev.properties
-install
C:\Users\D054527\git\sapsailingcapture\java\com.sap.sailing.geocoding.test\bin\work
-configuration
C:\Users\D054527\git\sapsailingcapture\java\com.sap.sailing.geocoding.test\bin\work\configuration
-application
org.eclipse.tycho.surefire.osgibooter.headlesstest
-testproperties
C:\Users\D054527\git\sapsailingcapture\java\com.sap.sailing.geocoding.test\bin\surefire.properties
"/>
    <property name="java.vm.info" value="mixed mode"/>
    <property name="os.version" value="6.1"/>
    <property name="osgi.arch" value="x86_64"/>
    <property name="path.separator" value=";"/>
    <property name="java.vm.version" value="20.0-b11"/>
    <property name="org.osgi.supports.framework.fragment" value="true"/>
    <property name="user.variant" value=""/>
    <property name="osgi.framework.shape" value="jar"/>
    <property name="java.awt.printerjob" value="sun.awt.windows.WPrinterJob"/>
    <property name="sun.io.unicode.encoding" value="UnicodeLittle"/>
    <property name="org.osgi.framework.version" value="1.6.0"/>
    <property name="awt.toolkit" value="sun.awt.windows.WToolkit"/>
    <property name="osgi.dev" value="file:/C:/Users/D054527/git/sapsailingcapture/java/com.sap.sailing.geocoding.test/bin/dev.properties"/>
    <property name="osgi.install.area" value="file:/C:/Users/D054527/git/sapsailingcapture/java/com.sap.sailing.geocoding.test/bin/work/"/>
    <property name="osgi.framework" value="file:/C:/Users/D054527/.m2/repository/p2/osgi/bundle/org.eclipse.osgi/3.7.1.R37x_v20110808-1106/org.eclipse.osgi-3.7.1.R37x_v20110808-1106.jar"/>
    <property name="user.home" value="C:\Users\D054527"/>
    <property name="osgi.bundlestore" value="C:\Users\D054527\git\sapsailingcapture\java\com.sap.sailing.geocoding.test\bin\work\configuration\org.eclipse.osgi\bundles"/>
    <property name="java.specification.vendor" value="Sun Microsystems Inc."/>
    <property name="osgi.nl" value="de_DE"/>
    <property name="java.library.path" value="c:\Program Files\Java\jdk1.6.0_25\jre\bin;.;C:\Windows\Sun\Java\bin;C:\Windows\system32;C:\Windows;c:\Users\d054527\bin;.;C:\MyPrograms\Git\local\bin;C:\MyPrograms\Git\mingw\bin;C:\MyPrograms\Git\bin;c:\MyPrograms\apache-maven-3.0.3\bin;c:\Program Files (x86)\MiKTeX 2.9\miktex\bin;c:\Windows\system32;c:\Windows;c:\Windows\System32\Wbem;c:\Windows\System32\WindowsPowerShell\v1.0\;c:\Program Files (x86)\Microsoft Application Virtualization Client;c:\Program Files (x86)\Open Text\View\bin;c:\Program Files (x86)\Perforce; C;C:\MyPrograms\Git\Program Files\Java\jdk1.6.0_25\bin; C;C:\MyPrograms\Git\Program Files\Maven\apache-maven-3.0.3\bin;c:\Program Files (x86)\QuickTime\QTSystem\;c:\Program Files (x86)\Mozilla Firefox;c:\Program Files (x86)\MiKTeX 2.9\miktex\bin;c:\Windows\system32;c:\Windows;c:\Windows\System32\Wbem;c:\Windows\System32\WindowsPowerShell\v1.0\;c:\Program Files (x86)\Microsoft Application Virtualization Client;c:\Program Files (x86)\Open Text\View\bin;c:\Program Files (x86)\Perforce; C;C:\MyPrograms\Git\Program Files\Java\jdk1.6.0_25\bin; C;C:\MyPrograms\Git\Program Files\Maven\apache-maven-3.0.3\bin;c:\Program Files (x86)\QuickTime\QTSystem\"/>
    <property name="java.vendor.url" value="http://java.sun.com/"/>
    <property name="osgi.bundlefile.limit" value="100"/>
    <property name="eclipse.startTime" value="1326191827521"/>
    <property name="org.osgi.framework.os.version" value="6.1.0"/>
    <property name="java.vm.vendor" value="Sun Microsystems Inc."/>
    <property name="java.runtime.name" value="Java(TM) SE Runtime Environment"/>
    <property name="java.class.path" value="C:\Users\D054527\.m2\repository\p2\osgi\bundle\org.eclipse.equinox.launcher\1.2.0.v20110502\org.eclipse.equinox.launcher-1.2.0.v20110502.jar"/>
    <property name="sun.java.command" value="C:\Users\D054527\.m2\repository\p2\osgi\bundle\org.eclipse.equinox.launcher\1.2.0.v20110502\org.eclipse.equinox.launcher-1.2.0.v20110502.jar -data C:\Users\D054527\git\sapsailingcapture\java\com.sap.sailing.geocoding.test\bin\work\data -dev file:/C:/Users/D054527/git/sapsailingcapture/java/com.sap.sailing.geocoding.test/bin/dev.properties -install C:\Users\D054527\git\sapsailingcapture\java\com.sap.sailing.geocoding.test\bin\work -configuration C:\Users\D054527\git\sapsailingcapture\java\com.sap.sailing.geocoding.test\bin\work\configuration -application org.eclipse.tycho.surefire.osgibooter.headlesstest -testproperties C:\Users\D054527\git\sapsailingcapture\java\com.sap.sailing.geocoding.test\bin\surefire.properties"/>
    <property name="java.vm.specification.name" value="Java Virtual Machine Specification"/>
    <property name="java.vm.specification.version" value="1.0"/>
    <property name="sun.os.patch.level" value=""/>
    <property name="sun.cpu.endian" value="little"/>
    <property name="java.io.tmpdir" value="C:\Users\D054527\AppData\Local\Temp\"/>
    <property name="java.vendor.url.bug" value="http://java.sun.com/cgi-bin/bugreport.cgi"/>
    <property name="http.proxyHost" value="proxy"/>
    <property name="eclipse.home.location" value="file:/C:/Users/D054527/git/sapsailingcapture/java/com.sap.sailing.geocoding.test/bin/work/"/>
    <property name="java.awt.graphicsenv" value="sun.awt.Win32GraphicsEnvironment"/>
    <property name="os.arch" value="amd64"/>
    <property name="java.ext.dirs" value="c:\Program Files\Java\jdk1.6.0_25\jre\lib\ext;C:\Windows\Sun\Java\lib\ext"/>
    <property name="user.dir" value="C:\Users\D054527\git\sapsailingcapture\java\com.sap.sailing.geocoding.test"/>
    <property name="org.osgi.supports.framework.requirebundle" value="true"/>
    <property name="line.separator" value="
"/>
    <property name="java.vm.name" value="Java HotSpot(TM) 64-Bit Server VM"/>
    <property name="tractrac.tunnel" value="true"/>
    <property name="file.encoding" value="cp1252"/>
    <property name="osgi.framework.version" value="3.7.1.R37x_v20110808-1106"/>
    <property name="java.specification.version" value="1.6"/>
    <property name="org.osgi.framework.executionenvironment" value="OSGi/Minimum-1.0,OSGi/Minimum-1.1,OSGi/Minimum-1.2,JRE-1.1,J2SE-1.2,J2SE-1.3,J2SE-1.4,J2SE-1.5,JavaSE-1.6"/>
    <property name="osgi.configuration.area" value="file:/C:/Users/D054527/git/sapsailingcapture/java/com.sap.sailing.geocoding.test/bin/work/configuration/"/>
    <property name="osgi.logfile" value="C:\Users\D054527\git\sapsailingcapture\java\com.sap.sailing.geocoding.test\bin\work\configuration\1326191827929.log"/>
  </properties>
  <testcase time="0.003" classname="com.sap.sailing.geocoding.test.ReverseGeocoderTest" name="myFirstTest"/>
</testsuite>